==========================================================

Problem 5: CEM vs Random Shooting
Comparing action selection methods on HalfCheetah. TODO (7)

Expected: CEM should reach ~800+ reward

----------------------------------------------


2/3: CEM with 2 iterations...
########################
logging outputs to  /home/siqi/Desktop/homework_fall2023-main/hw4/cs285/scripts/../../data/cheetah-cs285-v0_cheetah_cem2_l2_h250_mpccem_horizon15_actionseq1000_cem_iters2_09-01-2026_08-29-25
########################
Using GPU id 0


********** Iteration 0 ************
Collecting data...
Training agent...
Evaluating 10 rollouts...
Average eval return: 81.44643678559818


********** Iteration 1 ************
Collecting data...
Training agent...
Evaluating 10 rollouts...
Average eval return: 120.73260015816882


********** Iteration 2 ************
Collecting data...
Training agent...
Evaluating 10 rollouts...
Average eval return: 116.11426230036571


********** Iteration 3 ************
Collecting data...
Training agent...
Evaluating 10 rollouts...
Average eval return: 135.56977482594402


********** Iteration 4 ************
Collecting data...
Training agent...
Evaluating 10 rollouts...
Average eval return: 118.55311577119826

Experiment 5 completed!
