=========================================================
4.1 CQL vs DQN @ TODO (4)
------------------------------------------

########################
logging outputs to  /home/siqi/Desktop/homework_fall2023-main/hw5/cs285/scripts/../../data/hw5_offline_PointmassEasy-v0_cql0.1_10-01-2026_09-57-06
########################
Using GPU id 0
[CQL] Initialized with alpha=0.1, temperature=1.0
########################
logging outputs to  /home/siqi/Desktop/homework_fall2023-main/hw5/cs285/scripts/../../data/hw5_offline_pointmass_easy_dqn_PointmassEasy-v0_s64_l2_d0.95_doubleq_10-01-2026_10-00-13
########################
Using GPU id 0
########################
logging outputs to  /home/siqi/Desktop/homework_fall2023-main/hw5/cs285/scripts/../../data/hw5_offline_PointmassMedium-v0_cql0.1_10-01-2026_10-03-03
########################
Using GPU id 0
[CQL] Initialized with alpha=0.1, temperature=1.0
########################
logging outputs to  /home/siqi/Desktop/homework_fall2023-main/hw5/cs285/scripts/../../data/hw5_offline_pointmass_medium_dqn_PointmassMedium-v0_s64_l2_d0.95_doubleq_10-01-2026_10-06-12
########################
Using GPU id 0

Experiment 3 completed!
